{
  "RSpec": {
    "coverage": {
      "/vagrant/coderticket/spec/controllers/events_controller_spec.rb": [
        1,
        null,
        1,
        1,
        1,
        1,
        1,
        null,
        null,
        1,
        1,
        1,
        1,
        null,
        null,
        1,
        1,
        1,
        null,
        null,
        1,
        1,
        1,
        1,
        null,
        null,
        null,
        1,
        1,
        1,
        1,
        null,
        null,
        null,
        null,
        1,
        1,
        3,
        3,
        null,
        null,
        1,
        1,
        1,
        null,
        null,
        1,
        1,
        null,
        null,
        1,
        1,
        null,
        null,
        null
      ],
      "/vagrant/coderticket/spec/rails_helper.rb": [
        null,
        1,
        1,
        1,
        1,
        null,
        null,
        null,
        null,
        null,
        null,
        null,
        null,
        null,
        null,
        null,
        null,
        null,
        null,
        null,
        null,
        null,
        null,
        4,
        null,
        null,
        null,
        1,
        null,
        1,
        null,
        1,
        null,
        null,
        null,
        null,
        null,
        null,
        null,
        null,
        null,
        null,
        null,
        null,
        null,
        null,
        null,
        null,
        null,
        1,
        null
      ],
      "/vagrant/coderticket/config/environment.rb": [
        null,
        1,
        null,
        null,
        1
      ],
      "/vagrant/coderticket/config/application.rb": [
        1,
        null,
        1,
        null,
        null,
        null,
        1,
        null,
        1,
        1,
        null,
        null,
        null,
        null,
        null,
        null,
        null,
        null,
        null,
        null,
        null,
        null,
        null,
        1,
        null,
        null
      ],
      "/vagrant/coderticket/config/boot.rb": [
        1,
        null,
        1
      ],
      "/vagrant/coderticket/config/environments/test.rb": [
        1,
        null,
        null,
        null,
        null,
        null,
        null,
        1,
        null,
        null,
        null,
        null,
        1,
        null,
        null,
        1,
        1,
        null,
        null,
        1,
        1,
        null,
        null,
        1,
        null,
        null,
        1,
        null,
        null,
        null,
        null,
        1,
        null,
        null,
        1,
        null,
        null,
        1,
        null,
        null,
        null,
        null
      ],
      "/vagrant/coderticket/config/initializers/assets.rb": [
        null,
        null,
        null,
        1,
        null,
        null,
        null,
        null,
        null,
        null,
        null
      ],
      "/vagrant/coderticket/config/initializers/backtrace_silencers.rb": [
        null,
        null,
        null,
        null,
        null,
        null,
        null
      ],
      "/vagrant/coderticket/config/initializers/cookies_serializer.rb": [
        null,
        null,
        1
      ],
      "/vagrant/coderticket/config/initializers/filter_parameter_logging.rb": [
        null,
        null,
        null,
        1
      ],
      "/vagrant/coderticket/config/initializers/inflections.rb": [
        null,
        null,
        null,
        null,
        null,
        null,
        null,
        null,
        null,
        null,
        null,
        null,
        null,
        null,
        null,
        null
      ],
      "/vagrant/coderticket/config/initializers/mime_types.rb": [
        null,
        null,
        null,
        null
      ],
      "/vagrant/coderticket/config/initializers/session_store.rb": [
        null,
        null,
        1
      ],
      "/vagrant/coderticket/config/initializers/simple_form.rb": [
        null,
        1,
        null,
        null,
        null,
        null,
        null,
        1,
        null,
        null,
        null,
        null,
        null,
        null,
        null,
        null,
        null,
        1,
        null,
        null,
        null,
        1,
        null,
        null,
        null,
        null,
        null,
        null,
        null,
        null,
        1,
        null,
        null,
        1,
        null,
        null,
        1,
        null,
        null,
        1,
        null,
        null,
        1,
        1,
        1,
        null,
        null,
        null,
        null,
        null,
        null,
        null,
        null,
        null,
        1,
        null,
        null,
        null,
        null,
        null,
        1,
        null,
        null,
        1,
        null,
        null,
        null,
        null,
        null,
        null,
        null,
        1,
        null,
        null,
        1,
        null,
        null,
        null,
        null,
        null,
        null,
        null,
        null,
        null,
        null,
        null,
        null,
        null,
        null,
        null,
        null,
        null,
        null,
        null,
        null,
        null,
        null,
        null,
        null,
        null,
        null,
        null,
        null,
        null,
        null,
        null,
        null,
        null,
        null,
        null,
        null,
        null,
        null,
        null,
        null,
        null,
        null,
        null,
        null,
        1,
        null,
        null,
        null,
        null,
        null,
        null,
        null,
        null,
        null,
        null,
        null,
        null,
        null,
        null,
        null,
        null,
        null,
        null,
        null,
        null,
        null,
        null,
        null,
        null,
        null,
        null,
        null,
        null,
        null,
        null,
        null,
        null,
        null,
        null,
        null,
        null,
        1,
        null,
        null,
        null,
        null,
        null,
        null,
        null,
        null
      ],
      "/vagrant/coderticket/config/initializers/simple_form_bootstrap.rb": [
        null,
        1,
        1,
        1,
        1,
        null,
        1,
        1,
        1,
        1,
        1,
        1,
        1,
        1,
        null,
        1,
        1,
        1,
        null,
        null,
        1,
        1,
        1,
        1,
        1,
        1,
        null,
        1,
        1,
        1,
        null,
        null,
        1,
        1,
        1,
        null,
        1,
        1,
        null,
        null,
        1,
        1,
        null,
        null,
        1,
        1,
        1,
        1,
        1,
        1,
        1,
        null,
        null,
        1,
        1,
        1,
        1,
        1,
        1,
        1,
        1,
        null,
        1,
        1,
        1,
        1,
        null,
        null,
        null,
        1,
        1,
        1,
        1,
        1,
        1,
        null,
        1,
        1,
        1,
        1,
        null,
        null,
        null,
        1,
        1,
        1,
        null,
        1,
        1,
        1,
        null,
        null,
        1,
        1,
        null,
        null,
        null,
        1,
        1,
        1,
        null,
        1,
        null,
        1,
        1,
        1,
        1,
        null,
        null,
        null,
        1,
        1,
        1,
        1,
        1,
        1,
        1,
        1,
        null,
        1,
        1,
        1,
        null,
        null,
        1,
        1,
        1,
        1,
        1,
        1,
        1,
        1,
        null,
        null,
        null,
        null,
        null,
        null,
        1,
        1,
        null,
        null,
        null,
        null,
        null,
        null,
        null,
        null,
        null
      ],
      "/vagrant/coderticket/config/initializers/wrap_parameters.rb": [
        null,
        null,
        null,
        null,
        null,
        null,
        1,
        1,
        null,
        null,
        null,
        null,
        null,
        null
      ],
      "/vagrant/coderticket/spec/factories/category_factory.rb": [
        1,
        1,
        1,
        15,
        null,
        null
      ],
      "/vagrant/coderticket/spec/factories/event_factory.rb": [
        1,
        1,
        1,
        15,
        15,
        1,
        1,
        1,
        1,
        15,
        null,
        1,
        1,
        12,
        null,
        null,
        null,
        null
      ],
      "/vagrant/coderticket/spec/factories/region_factory.rb": [
        1,
        1,
        1,
        15,
        null,
        null
      ],
      "/vagrant/coderticket/spec/factories/ticket_type_factory.rb": [
        1,
        1,
        1,
        null,
        1,
        1,
        1,
        1,
        null,
        null,
        1,
        1,
        1,
        1,
        null,
        null,
        1,
        1,
        1,
        1,
        null,
        null,
        null
      ],
      "/vagrant/coderticket/spec/factories/user_factory.rb": [
        1,
        1,
        1,
        1,
        6,
        1,
        1,
        null,
        null
      ],
      "/vagrant/coderticket/spec/factories/venue_factory.rb": [
        1,
        1,
        15,
        1,
        1,
        null,
        null
      ],
      "/vagrant/coderticket/config/routes.rb": [
        1,
        1,
        null,
        1,
        1,
        null,
        1,
        null,
        null,
        1,
        null,
        1,
        null
      ],
      "/vagrant/coderticket/app/helpers/application_helper.rb": [
        1,
        null
      ],
      "/vagrant/coderticket/app/helpers/events_helper.rb": [
        1,
        1,
        1,
        null,
        null
      ],
      "/vagrant/coderticket/app/helpers/sessions_helper.rb": [
        1,
        null
      ],
      "/vagrant/coderticket/app/helpers/tickets_helper.rb": [
        1,
        null
      ],
      "/vagrant/coderticket/app/helpers/users_helper.rb": [
        1,
        null
      ],
      "/vagrant/coderticket/spec/support/database_cleaner.rb": [
        1,
        1,
        null,
        1,
        1,
        null,
        0,
        null,
        null,
        null,
        null,
        null,
        null,
        null,
        null,
        null,
        null,
        null,
        null,
        null,
        null,
        null,
        null,
        null,
        null,
        null,
        null,
        null,
        null,
        1,
        1,
        null,
        null,
        1,
        48,
        null,
        null,
        1,
        null,
        null,
        0,
        null,
        0,
        0,
        null,
        null,
        null,
        null,
        0,
        null,
        null,
        null,
        1,
        48,
        null,
        null,
        1,
        48,
        null,
        null
      ],
      "/vagrant/coderticket/spec/support/factory_girl.rb": [
        1,
        1,
        null
      ],
      "/vagrant/coderticket/spec/support/shoulda_matchers.rb": [
        1,
        1,
        1,
        null,
        null,
        1,
        1,
        null,
        null,
        null,
        null,
        null
      ],
      "/vagrant/coderticket/app/controllers/events_controller.rb": [
        1,
        1,
        4,
        null,
        null,
        1,
        3,
        null,
        null
      ],
      "/vagrant/coderticket/app/controllers/application_controller.rb": [
        1,
        null,
        null,
        1,
        null,
        1,
        null,
        1,
        1,
        null,
        null,
        1,
        1,
        null,
        null,
        1,
        1,
        0,
        0,
        null,
        null,
        null
      ],
      "/vagrant/coderticket/spec/controllers/sessions_controller_spec.rb": [
        1,
        null,
        1,
        1,
        4,
        null,
        1,
        1,
        1,
        null,
        null,
        1,
        1,
        null,
        null,
        1,
        1,
        null,
        null,
        null,
        1,
        2,
        null,
        1,
        1,
        1,
        1,
        1,
        null,
        null,
        null,
        1,
        1,
        1,
        1,
        1,
        null,
        null,
        null,
        3,
        null,
        null,
        1,
        1,
        1,
        1,
        null,
        null,
        1,
        1,
        1,
        1,
        1,
        null,
        null,
        null
      ],
      "/vagrant/coderticket/app/controllers/sessions_controller.rb": [
        1,
        1,
        null,
        1,
        3,
        null,
        null,
        1,
        3,
        null,
        3,
        2,
        null,
        1,
        null,
        null,
        3,
        null,
        null,
        1,
        1,
        1,
        1,
        null,
        null,
        1,
        null,
        1,
        6,
        null,
        null
      ],
      "/vagrant/coderticket/spec/controllers/tickets_controller_spec.rb": [
        1,
        null,
        1,
        4,
        null,
        1,
        4,
        null,
        1,
        1,
        1,
        null,
        null,
        1,
        1,
        null,
        null,
        1,
        1,
        null,
        null,
        null
      ],
      "/vagrant/coderticket/app/controllers/tickets_controller.rb": [
        1,
        1,
        3,
        null,
        null
      ],
      "/vagrant/coderticket/spec/controllers/users_controller_spec.rb": [
        1,
        null,
        1,
        1,
        4,
        null,
        1,
        1,
        1,
        null,
        null,
        1,
        1,
        null,
        null,
        1,
        1,
        null,
        null,
        null,
        1,
        3,
        null,
        1,
        1,
        1,
        1,
        1,
        1,
        1,
        null,
        null,
        null,
        1,
        1,
        1,
        1,
        null,
        null,
        null,
        null
      ],
      "/vagrant/coderticket/app/controllers/users_controller.rb": [
        1,
        1,
        3,
        null,
        null,
        1,
        2,
        null,
        2,
        1,
        1,
        null,
        1,
        null,
        null,
        null,
        1,
        null,
        1,
        2,
        null,
        null
      ],
      "/vagrant/coderticket/spec/models/category_spec.rb": [
        1,
        null,
        1,
        1,
        1,
        2,
        null,
        null,
        1,
        3,
        null,
        1,
        1,
        1,
        1,
        null,
        null,
        null,
        1,
        1,
        1,
        1,
        null,
        null,
        null,
        null,
        null
      ],
      "/vagrant/coderticket/app/models/category.rb": [
        1,
        1,
        1,
        null
      ],
      "/vagrant/coderticket/spec/models/event_spec.rb": [
        1,
        null,
        1,
        2,
        2,
        2,
        null,
        1,
        1,
        2,
        2,
        2,
        2,
        null,
        null,
        1,
        2,
        null,
        null,
        null
      ],
      "/vagrant/coderticket/app/models/event.rb": [
        1,
        1,
        1,
        1,
        null,
        1,
        1,
        null
      ],
      "/vagrant/coderticket/spec/models/region_spec.rb": [
        1,
        null,
        1,
        1,
        1,
        2,
        null,
        null,
        1,
        3,
        null,
        1,
        1,
        1,
        1,
        null,
        null,
        null,
        1,
        1,
        1,
        1,
        null,
        null,
        null,
        null,
        null
      ],
      "/vagrant/coderticket/app/models/region.rb": [
        1,
        1,
        1,
        null
      ],
      "/vagrant/coderticket/spec/models/ticket_type_spec.rb": [
        1,
        null,
        1,
        2,
        null
      ],
      "/vagrant/coderticket/app/models/ticket_type.rb": [
        1,
        1,
        null
      ],
      "/vagrant/coderticket/spec/models/user_spec.rb": [
        1,
        null,
        1,
        1,
        1,
        2,
        null,
        null,
        1,
        2,
        2,
        null,
        null,
        null
      ],
      "/vagrant/coderticket/app/models/user.rb": [
        1,
        1,
        null,
        1,
        null
      ],
      "/vagrant/coderticket/spec/models/venue_spec.rb": [
        1,
        null,
        1,
        2,
        null,
        1,
        1,
        2,
        null,
        null,
        null
      ],
      "/vagrant/coderticket/app/models/venue.rb": [
        1,
        1,
        1,
        null
      ],
      "/vagrant/coderticket/spec/routing/events_routing_spec.rb": [
        1,
        null,
        1,
        1,
        1,
        null,
        null
      ],
      "/vagrant/coderticket/spec/routing/tickets_routing_spec.rb": [
        1,
        null,
        1,
        1,
        1,
        1,
        null,
        null
      ],
      "/vagrant/coderticket/spec/views/events/index.html.erb_spec.rb": [
        1,
        null,
        1,
        2,
        null,
        1,
        1,
        1,
        1,
        null,
        null
      ],
      "/vagrant/coderticket/spec/views/events/show.html.erb_spec.rb": [
        1,
        null,
        1,
        1,
        3,
        3,
        3,
        null,
        null,
        1,
        1,
        null,
        null,
        1,
        1,
        null,
        null,
        1,
        1,
        1,
        1,
        1,
        null,
        null
      ],
      "/vagrant/coderticket/spec/views/sessions/new.html.erb_spec.rb": [
        1,
        null,
        1,
        2,
        null,
        1,
        1,
        1,
        1,
        null,
        null
      ]
    },
    "timestamp": 1450969945
  }
}
